 1153  sudo sync && sudo sysctl -w vm.drop_caches=3
 1154  free -h
 1155  sudo fallocate -l 1G /swapfile  # Create a 1GB swap file
 1156  sudo chmod 600 /swapfile        # Set correct permissions
 1157  sudo mkswap /swapfile           # Format it as swap
 1158  sudo swapon /swapfile           # Enable the swap file
 1159  free -h
 1160  git push origin main
 1161  free -h
 1162  cd cs131
 1163  echo "terry" > jayden
 1164  vim jayden.txt
 1165  vim jayden
 1166  git add jayden
 1167  git commit -m "Add jayden file with text 'terry'"
 1168  git push origin main
 1169  git status
 1170  vim jayden.txt
 1171  git add jayden.txt
 1172  git commit -m "Add jayden.txt file with text 'terry'"
 1173  git push origin main
 1174  cd cs131
 1175  git status
 1176  git add mason.txt
 1177  git commit -m "Add mason.txt with the word lawrence"
 1178  git push origin main
 1179  free -h
 1180  git status
 1181  cd cs131
 1182  git status
 1183  echo "john" > jason.txt
 1184  git add jason.txt
 1185  git commit -m "Add mason.txt with the word lawrence"
 1186  git push origin main
 1187  cd cs131
 1188  vim hi.log
 1189  vim cmnd.log
 1190  sed -n '/,2,/p' 2019-01-h1.csv > vendordos.csv
 1191  wc vendordos.csv >> ws58.txt
 1192  sed 's/[:\"-]//g' 2019-01-h1.csv > none-separators.csv
 1193  head -10 none-separators.csv >> ws58.txt
 1194  sed 's/\.[0-9]*//g' none-separators.csv > none-fractions.csv
 1195  head -10 none-fractions.csv >> ws58.txt
 1196  history | tail -n 50 >> cmnd.log
 1197  awk -F, '$total>=10 {tips[$tip]++} END {for (t in tips) print t, tips[t]}' total=10 tip=12 2019-01-h1.csv | sort -n > ws58.txt
 1198  awk -F, '{tips[$12]++} END {for (t in tips) print t, tips[t]}' 2019-01-h1.csv | sort -k2 -nr | head -20 >> ws58.txt
 1199  history | tail -n 50 >> cmnd.log
"cmnd.log" 1059L, 31526C                                            1059,39       Bot
