1a and 1b
  611  nano ~/.bashrc
  613  source ~/.bashrc
  614  nano ~/.bashrc
  615  source ~/.bashrc
  616  w
  2a
 mkdir -p ~/cs131/a1/FARE
  2b from 48 to 161
  619  grep "48.0,161.0" 2019-01-h1.csv | cut -d',' -f11 > FARE/48.0-161.0.txt
  
2c mean from 48 to 161
  621  cut -d',' -f11 2019-01-h1.csv > FARE/48.0-161.0.txt
  622  paste -sd+ FARE/48.0-161.0.txt | bc
  623  wc -l < FARE/48.0-161.0.txt
  624  sum=$(paste -sd+ FARE/48.0-161.0.txt | bc)
  625  count=$(wc -l < FARE/48.0-161.0.txt)
  626  mean=$(echo "scale=2; $sum / $count" | bc)
  627  echo "Mean fare for 48.0-161.0: $mean"
  628  echo "Mean fare for 48.0-161.0: $mean" >> a1.txt
2b Second Pair from 79-132
  629  grep ",79.0,132.0," 2019-01-h1.csv | cut -d',' -f11 > FARE/79.0-132.0.txt
2c Mean from 79 to 132
  630  sum=$(paste -sd+ FARE/79.0-132.0.txt | bc)
  631  count=$(wc -l < FARE/79.0-132.0.txt)
  632  mean=$(echo "scale=2; $sum / $count" | bc)
  633  echo "Mean fare for 79.0-132.0: $mean" >> a1.txt

2d. Highest total amount paid by customers picked up on January 10, 2019
  634  grep "2019-01-10" 2019-01-h1.csv | cut -d',' -f17 | sort -nr | head -1 > highest_total.txt
  635  echo "Highest total amount paid on January 10, 2019:" >> a1.txt
  636  cat highest_total.txt >> a1.txt
  637  echo "" >> a1.txt
2e. 10 Most Popular Dropoff Locations in the Dataset
  638  grep -E ',[3-9]+,' 2019-01-h1.csv | cut -d',' -f8 | sort | uniq -c | sort -nr | head -10 > top_dropoffs.txt
  639  echo "Top 10 most popular dropoff locations for rides with 3 or more passengers:" >> a1.txt
  640  cat top_dropoffs.txt >> a1.txt
  641  echo "" >> a1.txt
  642  cat a1.txt
  643  head -n 5 2019-01-h1.csv
  644  grep -E '^[^,]*,[^,]*,[^,]*,[3-9][^,]*,' 2019-01-h1.csv | cut -d',' -f8 | sort | uniq -c | sort -nr | head -10 > top_dropoffs.txt
  645  echo "Top 10 most popular dropoff locations for rides with 3 or more passengers:" >> a1.txt
  646  cat top_dropoffs.txt >> a1.txt
  647  echo "" >> a1.txt
  648  cat a1.txt
  649  vim a1.txt
  650  history > cmds.log
