    1  git
    2  ls
    3  cd cs131
    4  ls
    5  git status
    6  git add README.md 
    7  ls
    8  git commit -m "first commit"
    9  git push -u origin main
   10  git status
   11  ls
   12  git add --all
   13  git commit -m "add all files"
   14  git push -u origin main
   15  git push -u origin main --force
   16  clear
   17  ls
   18  ls -a
   19  rm -rf .git/
   20  ls
   21  ls -a
   22  git init
   23  git add README.md 
   24  git commit -m "first commit"
   25  git branch -M main
   26  git remote add origin https://github.com/shirinalapati/cs131.git
   27  git push -u origin main
   28  gcloud compute project-info describe  --format="value(commonInstanceMetadata[items][ssh-keys])"
   29  username:ssh-rsa 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
   30  ls
   31  cs cs131
   32  ls
   33  pwd
   34  ls
   35  mkdir sample1
   36  ls
   37  cd sample1/
   38  mkdir sample2
   39  touch a.txt
   40  cd sample2/
   41  touch a.txt
   42  ls
   43  pwd
   44  cd ..
   45  cd sample1/
   46  cd /home/salapati22/cs131
   47  touch ./b.txt
   48  ls
   49  cd ./sample1/sample2/
   50  cd ~
   51  ls
   52  pwd
   53  cs cs131/
   54  cd cs131/
   55  ls
   56  rm b.txt
   57  ls
   58  file README.md
   59  file sample1/
   60  ls
   61  cat README.md
   62  less README.md
   63  cat README.md
   64  ls -lt
   65  ls -ltr
   66  ls -ltra
   67  ls -ltrah
   68  cat passwd
   69  cs ..
   70  cd ..
   71  cd
   72  ls
   73  cd cs131/
   74  ls
   75  cd sample1/
   76  ls
   77  cp a.txt b.txt
   78  ls
   79  cp a.txt ./sample2/b.txt
   80  cd sample2/
   81  ls
   82  rm b.txt
   83  ls
   84  cd ..
   85  ls
   86  rm sample2
   87  rm -r sample2/
   88  ls
   89  mkdir sample2
   90  rm  -r sample2/
   91  ls
   92  man rm
   93  ls
   94  touch aa.txt
   95  aa123.txt
   96  touch aa123.txt
   97  ls
   98  ls ?.txt
   99  ls ??.txt
  100  ls ?.txt
  101  ls *.txt
  102  ls [!a]*.txt
  103  ls [!b]*.txt
  104  vim aa.txt
  105  ls
  106  cat README.md
  107  cd sample1/
  108  ls
  109  vim data.txt
  110  cat data.txt
  111  sort data.txt
  112  cat data.txt
  113  man uniq
  114  uniq data.txt
  115  sort data.txt | uniq
  116  ls
  117  ls > sorted_data.txt
  118  cat sorted_data.txt
  119  sort data.txt >> sorted_data.txt
  120  cat sorted_data.txt
  121  rm temp2 2>error.txt
  122  cat error.txt
  123  ls
  124  mkdir temp2
  125  touch sample.txt
  126  cd ..
  127  ls
  128  rm temp2
  129  rm temp2 2> error.txt
  130  ls
  131  cat error.txt
  132  ls 1> sorted_data.txt
  133  cat sorted_data.txt
  134  ls > /dev/null
  135  cat /dev/null
  136  cat
  137  cat
  138  cat lazy_dog.txt
  139  cat > lazy_dog.txt
  140  vim data.txt
  141  sort data.txt | uniq -c
  142  man uniq
  143  history
  144  history | grep uniq
  145  man grep
  146  history | grep uniq > uniq_result.txt
  147  cat uniq_result.txt
  148  ls
  149  sort data.txt | uniq -c
  150  cat data.txt
  151  wc data.txt
  152  man wc
  153  wc -l data.txt
  154  head data.txt
  155  vim data.txt
  156  tail data.txt
  157  head -3 data.txt
  158  tail -3 data.txt
  159  history | grep echo
  160  echo "this is my readme"
  161  echo "this is my readme" > README.md
  162  git log
  163  ls
  164  git log -pretty-format: %h &ad %s' --graph
  165  git log -pretty=format: '%h %ad %s' --graph
  166  git log --pretty=format; '%h %ad %s' --graph
  167  git log --pretty=format: '%h %ad %s' --graph
  168  n/.gitconfig
  169  git log --pretty=format: '%h %ad %s' --graph
  170  alias
  171  alias git log --pretty=format: '%h %ad %s' --grap
  172  vim ~/.gitconfig
  173  cd cs131
  174  git hist
  175  ls
  176  vim README.md
  177  git add README.md
  178  git commit -m "edit README"
  179  git hist
  180  ls
  181  vim README.md
  182  cat README.md
  183  git status
  184  git add README.md
  185  git commit - m "edit README"
  186  git hist
  187  git checkout main
  188  cat README.md
  189  git checkout 4df1dbfb
  190  cat README.md
  191  git checkout main
  192  cat README.md
  193  cat ~/.gitconfig
  194  git checkout main
  195  git status
  196  git checkout main
  197  vim README.md
  198  cat README.md
  199  git status
  200  git checkout README.md
  201  cat README.md
  202  git status
  203  git reset HEAD README.md
  204  cat README.md
  205  git status
  206  mkdir -p ~/cs131/ws2
  207  cd ~/cs131/ws2
  208  echo $HOME
  209  id
  210  ls /proc/ | grep mem
  211  head -5 /proc/meminfo
  212  head -10 /proc/cpuinfo
  213  tail -5 /proc/cpuinfo
  214  cat /proc/cpuinfo
  215  ls /etc/ | grep release
  216  cat /etc/os-release
  217  script -c "history" ws2.txt
  218  history > cmds.log
  219  vim cmds.log
  220  sed -n -e '206,218p' cmds.log > cmds_filtered.log
  221  vim cmds.log
  222  mmkdir -p ~/cs131/ws2
  223  mkdir -p ~/cs131/ws2
  224  cd ~/cs131/ws2
  225  echo $HOME
  226  id
  227  ls/proc/ | grep mem
  228  ls /proc/ | grep mem
  229  head -5 /proc/meminfo
  230  head -10 /proc/cpuinfo
  231  tail -5 /proc/cpuinfo
  232  cat /proc/cpuinfo
  233  script -c "history" ws2.txt
  234  history >cmds.log
  235  vim cmds.log
  236  git add ws2.txt cmds.log
  237  git commit -m "Completed WS2 Linux assignment"
  238  git push
  239  git status
  240  vim README.md
  241  git status
  242  git add README.md
  243  git commit -m "this is my commit on 2/10"
  244  git hist
  245  git reset --hard 5c985a2
  246  git hist
  247  man git log
  248  git hist --all
  249  git hist
  250  git checkout -b 0210class
  251  git status
  252  ls
  253  cat README.md
  254  vim README.md
  255  git add README.md
  256  git commit -m "edit README"
  257  git hist
  258  ls
  259  cd cs131
  260  git add README.md
  261  git commit -m "edit README"
  262  git hist
  263  git log
  264  git checkout main
  265  git status
  266  cat README.md
  267  git checkout 0210class
  268  cat README.md
  269  vim README.MD
  270  git status
  271  git merge main
  272  git status
  273  git hist
  274  git hist --all
  275  git checkout main
  276  git log --all
  277  git log
  278  vim README.md
  279  cat README.md
  280  git add README.md
  281  git commit -m "edit README(main)"
  282  git log --all
  283  cat ~/.gitconfig
  284  git merge main
  285  git checkout 0210class
  286  git merge main
  287  git log --all
  288  cat README.md
  289  vim README.md
  290  cat README.md
  291  git add README.md
  292  git commit -m "edit README so it shows 0210 branch name"
  293  git merge main
  294  git checkout main
  295  vim README.md
  296  cat README.md
  297  git add README.md
  298  git dommit -m "edit README by removing the first line"
  299  git checkout 0210class
  300  git merge main
  301  vim README.md
  302  git add README.md
  303  git commit -m "fix the conflict"
  304  git merge main
  305  cat README.md
  306  vim README.md
  307  git log
  308  ls
  309  cd sample1/
  310  echo "show this text"
  311  echo show this text
  312  echo hi
  313  echo *
  314  echo "2 + 2 is $((2 + 2))"
  315  echo "CS 13{1,2,3}"
  316  echo CS 13(1,2,3)
  317  echo CS 13{1,2,3}
  318  echo CS 13{A,B,C}
  319  echo $USER
  320  echo USER
  321  printenv
  322  echo $SHELL
  323  pwd
  324  echo "$(pwd) has the following files: $(ls)"
  325  ls
  326  echo $(pwd) has the following files: $(ls)
  327  cd cs131
  328  sudo apt install python3-pip -y
  329  pip install gown
  330  pip install gdown
  331  gdown 1fc3saVu2GtG3Rft3zI-VOOsZhaqcSyn3
  332  /home/<user-name>/.local/bin/gdown 1fc3saVu2GtG3Rft3zI-VOOsZhaqcSyn3
  333  pip install gdown
  334  gdown 1fc3saVu2GtG3Rft3zI-VOOsZhaqcSyn3
  335  which gdown
  336  find ~ -name gdown
  337  export PATH=$HOME/.local/bin:$PATH
  338  export /home/salapati22=$HOME/.local/bin:$PATH
  339  /home/salapati22/.local/bin/gdown --version
  340  /home/salapati22/.local/bin/gdown 1fc3saVu2GtG3Rft3zI-VOOsZhaqcSyn3
  341  export /home/salapati22/.local/bin/gdown=$HOME/.local/bin:$PATH
  342  gdown 1fc3saVu2GtG3Rft3zI-VOOsZhaqcSyn3
  343  head -n 10 taxi_data.csv
  344  ls
  345  cat /etc/os-release
  346  cat /etc/shadow
  347  cd cs131/
  348  ls
  349  cs sample1/
  350  cd sample1/
  351  ls
  352  touch sample.txt
  353  ls -1
  354  id
  355  chmod 600 sample.txt
  356  ls -1 | grep sample
  357  vim sample.txt
  358  u
  359  passwd
  360  su
  361  sudo passwd
  362  su
  363  sudo /etc/shadow
  364  su -l
  365  su
  366  sudo cat /etc/shadow
  367  cd cs131/sample1/
  368  cd cs131
  369  ls
  370  ls -l
  371  man chown
  372  sudo chown root
  373  sudo chown root:
  374  sudo chown root: sa
  375  ls -l
  376  ps
  377  jobs
  378  top
  379  vim long.sh
  380  cat long.sh
  381  sh long.sh
  382  sh long.sh >> result.txt
  383  cat result.txt
  384  sh long.sh >> result.txt
  385  fg %1
  386  jobs
  387  bg %1
  388  jobs
  389  ls
  390  fg %1
  391  jobs
  392  ps
  393  cd cs131
  394  echo "Home Directory Path:" > ws2.txt
  395  echo -e "\nUser ID and Groups:" >> ws2.txt
  396  id >> ws2.txt
  397  echo -e "\nMemory Information File in /proc/:" >> ws2.txt
  398  ls /proc/ | grep mem >> ws2.txt
  399  echo -e "\nCPU Information File in /proc/:" >> ws2.txt
  400  ls /proc/ | grep cpu >> ws2.txt
  401  echo -e "\nMemory Information:" >> ws2.txt
  402  head -5 /proc/meminfo >> ws2.txt
  403  echo -e "\nCPU Information:" >> ws2.txt
  404  head -10 /proc/cpuinfo >> ws2.txt
  405  tail -5 /proc/cpuinfo >> ws2.txt
  406  cat /proc/cpuinfo | grep "model name" | uniq >> ws2.txt
  407  echo -e "\nOperating System Version:" >> ws2.txt
  408  cat /etc/*release* >> ws2.txt
  409  history > cmds.log
